<?xml version="1.0" ?>
<testsuite errors="0" failures="0" name="Tests.RCR_VR_HA_Service_ConfigTool_Config_Items_PUT.TestSuiteConfigItemsPut-20180712172038" tests="11" time="62.033">
	<testcase classname="Tests.RCR_VR_HA_Service_ConfigTool_Config_Items_PUT.TestSuiteConfigItemsPut" name="test_Step001_postRequest_new_id" time="5.549"/>
	<testcase classname="Tests.RCR_VR_HA_Service_ConfigTool_Config_Items_PUT.TestSuiteConfigItemsPut" name="test_Step002_putRequest_invalid_config_id" time="5.010"/>
	<testcase classname="Tests.RCR_VR_HA_Service_ConfigTool_Config_Items_PUT.TestSuiteConfigItemsPut" name="test_Step003_putRequest_empty_key_value" time="6.372"/>
	<testcase classname="Tests.RCR_VR_HA_Service_ConfigTool_Config_Items_PUT.TestSuiteConfigItemsPut" name="test_Step004_putRequest_empty_clientid" time="5.400"/>
	<testcase classname="Tests.RCR_VR_HA_Service_ConfigTool_Config_Items_PUT.TestSuiteConfigItemsPut" name="test_Step005_putRequest_adding_POS_cash_collections" time="5.755"/>
	<testcase classname="Tests.RCR_VR_HA_Service_ConfigTool_Config_Items_PUT.TestSuiteConfigItemsPut" name="test_Step006_putRequest_adding_POS_days" time="5.695"/>
	<testcase classname="Tests.RCR_VR_HA_Service_ConfigTool_Config_Items_PUT.TestSuiteConfigItemsPut" name="test_Step007_putRequest_adding_days_in_dnfb" time="6.087"/>
	<testcase classname="Tests.RCR_VR_HA_Service_ConfigTool_Config_Items_PUT.TestSuiteConfigItemsPut" name="test_Step008_putRequest_adding_days_in_dnfc" time="5.611"/>
	<testcase classname="Tests.RCR_VR_HA_Service_ConfigTool_Config_Items_PUT.TestSuiteConfigItemsPut" name="test_Step009_putRequest_adding_net_revenue" time="5.998"/>
	<testcase classname="Tests.RCR_VR_HA_Service_ConfigTool_Config_Items_PUT.TestSuiteConfigItemsPut" name="test_Step010_putRequest_existing_id" time="5.579"/>
	<testcase classname="Tests.RCR_VR_HA_Service_ConfigTool_Config_Items_PUT.TestSuiteConfigItemsPut" name="test_Step011_putRequest_remove_extra_rows" time="4.979"/>
	<system-out>
<![CDATA[java -jar Tests\auth-header-1.3.jar -k 99bb308b-0a2b-4547-a967-b6287914469d -s cHowMqwBMh2N4ShhBDrbcRZNLzo76VrA -p https://api.devcernercare.com/oauth/access > oAuthKey.txt
java -jar Tests\auth-header-1.3.jar -k 99bb308b-0a2b-4547-a967-b6287914469d -s cHowMqwBMh2N4ShhBDrbcRZNLzo76VrA -p https://api.devcernercare.com/oauth/access > oAuthKey.txt
java -jar Tests\auth-header-1.3.jar -k 99bb308b-0a2b-4547-a967-b6287914469d -s cHowMqwBMh2N4ShhBDrbcRZNLzo76VrA -p https://api.devcernercare.com/oauth/access > oAuthKey.txt
java -jar Tests\auth-header-1.3.jar -k 99bb308b-0a2b-4547-a967-b6287914469d -s cHowMqwBMh2N4ShhBDrbcRZNLzo76VrA -p https://api.devcernercare.com/oauth/access > oAuthKey.txt
java -jar Tests\auth-header-1.3.jar -k 99bb308b-0a2b-4547-a967-b6287914469d -s cHowMqwBMh2N4ShhBDrbcRZNLzo76VrA -p https://api.devcernercare.com/oauth/access > oAuthKey.txt
java -jar Tests\auth-header-1.3.jar -k 99bb308b-0a2b-4547-a967-b6287914469d -s cHowMqwBMh2N4ShhBDrbcRZNLzo76VrA -p https://api.devcernercare.com/oauth/access > oAuthKey.txt
java -jar Tests\auth-header-1.3.jar -k 99bb308b-0a2b-4547-a967-b6287914469d -s cHowMqwBMh2N4ShhBDrbcRZNLzo76VrA -p https://api.devcernercare.com/oauth/access > oAuthKey.txt
java -jar Tests\auth-header-1.3.jar -k 99bb308b-0a2b-4547-a967-b6287914469d -s cHowMqwBMh2N4ShhBDrbcRZNLzo76VrA -p https://api.devcernercare.com/oauth/access > oAuthKey.txt
java -jar Tests\auth-header-1.3.jar -k 99bb308b-0a2b-4547-a967-b6287914469d -s cHowMqwBMh2N4ShhBDrbcRZNLzo76VrA -p https://api.devcernercare.com/oauth/access > oAuthKey.txt
java -jar Tests\auth-header-1.3.jar -k 99bb308b-0a2b-4547-a967-b6287914469d -s cHowMqwBMh2N4ShhBDrbcRZNLzo76VrA -p https://api.devcernercare.com/oauth/access > oAuthKey.txt
java -jar Tests\auth-header-1.3.jar -k 99bb308b-0a2b-4547-a967-b6287914469d -s cHowMqwBMh2N4ShhBDrbcRZNLzo76VrA -p https://api.devcernercare.com/oauth/access > oAuthKey.txt
]]>	</system-out>
	<system-err>
<![CDATA[]]>	</system-err>
</testsuite>
