<?xml version="1.0" ?>
<testsuite errors="0" failures="0" name="tests.RCR_VR_HA_Service_ConfigTool_Organization_Map_PUT.TestOrganizationMapsDev-20180716200243" tests="4" time="31.087">
	<testcase classname="tests.RCR_VR_HA_Service_ConfigTool_Organization_Map_PUT.TestOrganizationMapsDev" name="test_Step1_putRequest_newID_validParams" time="7.937"/>
	<testcase classname="tests.RCR_VR_HA_Service_ConfigTool_Organization_Map_PUT.TestOrganizationMapsDev" name="test_Step2_putRequest_newID_invalidParams_error" time="8.298"/>
	<testcase classname="tests.RCR_VR_HA_Service_ConfigTool_Organization_Map_PUT.TestOrganizationMapsDev" name="test_Step3_putRequest_IDExists_validParams" time="7.782"/>
	<testcase classname="tests.RCR_VR_HA_Service_ConfigTool_Organization_Map_PUT.TestOrganizationMapsDev" name="test_Step4_putRequest_IDExists_invalidParams_error" time="7.070"/>
	<system-out>
<![CDATA[java -jar tests\auth-header-1.3.jar -k c0c11d7a-48c1-461d-8be9-56e9fb60b28f -s Jjftdr7d_z7kjM1_GTXKskfQZs9aCD1l -p https://api.devcernercare.com/oauth/access > oAuthKey.txt
java -jar tests\auth-header-1.3.jar -k c0c11d7a-48c1-461d-8be9-56e9fb60b28f -s Jjftdr7d_z7kjM1_GTXKskfQZs9aCD1l -p https://api.devcernercare.com/oauth/access > oAuthKey.txt
java -jar tests\auth-header-1.3.jar -k c0c11d7a-48c1-461d-8be9-56e9fb60b28f -s Jjftdr7d_z7kjM1_GTXKskfQZs9aCD1l -p https://api.devcernercare.com/oauth/access > oAuthKey.txt
java -jar tests\auth-header-1.3.jar -k c0c11d7a-48c1-461d-8be9-56e9fb60b28f -s Jjftdr7d_z7kjM1_GTXKskfQZs9aCD1l -p https://api.devcernercare.com/oauth/access > oAuthKey.txt
]]>	</system-out>
	<system-err>
<![CDATA[]]>	</system-err>
</testsuite>
