<?xml version="1.0" ?>
<testsuite errors="0" failures="0" name="tests.RCRVRHAServiceConfigToolOrganizationMapsGET.TestOrganizationMaps-20180716194603" tests="8" time="56.357">
	<testcase classname="tests.RCRVRHAServiceConfigToolOrganizationMapsGET.TestOrganizationMaps" name="test_step_1_getRequest" time="8.330"/>
	<testcase classname="tests.RCRVRHAServiceConfigToolOrganizationMapsGET.TestOrganizationMaps" name="test_step_2_unauthorized" time="5.922"/>
	<testcase classname="tests.RCRVRHAServiceConfigToolOrganizationMapsGET.TestOrganizationMaps" name="test_step_3_NotFound" time="5.845"/>
	<testcase classname="tests.RCRVRHAServiceConfigToolOrganizationMapsGET.TestOrganizationMaps" name="test_step_4_badRequest" time="6.874"/>
	<testcase classname="tests.RCRVRHAServiceConfigToolOrganizationMapsGET.TestOrganizationMaps" name="test_step_5_NotFound_client_Id" time="6.763"/>
	<testcase classname="tests.RCRVRHAServiceConfigToolOrganizationMapsGET.TestOrganizationMaps" name="test_step_6_NotFound_Millennium_Id" time="7.469"/>
	<testcase classname="tests.RCRVRHAServiceConfigToolOrganizationMapsGET.TestOrganizationMaps" name="test_step_7_NotFound_healthe_intent_org_id" time="7.795"/>
	<testcase classname="tests.RCRVRHAServiceConfigToolOrganizationMapsGET.TestOrganizationMaps" name="test_step_8_NotFound_healthe_intent_org" time="7.360"/>
	<system-out>
<![CDATA[java -jar tests\auth-header-1.3.jar -k c0c11d7a-48c1-461d-8be9-56e9fb60b28f -s Jjftdr7d_z7kjM1_GTXKskfQZs9aCD1l -p https://api.devcernercare.com/oauth/access > oAuthKey.txt
java -jar tests\auth-header-1.3.jar -k c0c11d7a-48c1-461d-8be9-56e9fb60b28f -s Jjftdr7d_z7kjM1_GTXKskfQZs9aCD1l -p https://api.devcernercare.com/oauth/access > oAuthKey.txt
java -jar tests\auth-header-1.3.jar -k c0c11d7a-48c1-461d-8be9-56e9fb60b28f -s Jjftdr7d_z7kjM1_GTXKskfQZs9aCD1l -p https://api.devcernercare.com/oauth/access > oAuthKey.txt
java -jar tests\auth-header-1.3.jar -k c0c11d7a-48c1-461d-8be9-56e9fb60b28f -s Jjftdr7d_z7kjM1_GTXKskfQZs9aCD1l -p https://api.devcernercare.com/oauth/access > oAuthKey.txt
java -jar tests\auth-header-1.3.jar -k c0c11d7a-48c1-461d-8be9-56e9fb60b28f -s Jjftdr7d_z7kjM1_GTXKskfQZs9aCD1l -p https://api.devcernercare.com/oauth/access > oAuthKey.txt
java -jar tests\auth-header-1.3.jar -k c0c11d7a-48c1-461d-8be9-56e9fb60b28f -s Jjftdr7d_z7kjM1_GTXKskfQZs9aCD1l -p https://api.devcernercare.com/oauth/access > oAuthKey.txt
java -jar tests\auth-header-1.3.jar -k c0c11d7a-48c1-461d-8be9-56e9fb60b28f -s Jjftdr7d_z7kjM1_GTXKskfQZs9aCD1l -p https://api.devcernercare.com/oauth/access > oAuthKey.txt
java -jar tests\auth-header-1.3.jar -k c0c11d7a-48c1-461d-8be9-56e9fb60b28f -s Jjftdr7d_z7kjM1_GTXKskfQZs9aCD1l -p https://api.devcernercare.com/oauth/access > oAuthKey.txt
]]>	</system-out>
	<system-err>
<![CDATA[]]>	</system-err>
</testsuite>
