<?xml version="1.0" ?>
<testsuite errors="0" failures="0" name="tests.RCR_VR_HA_Service_ConfigTool_Config_Items_PUT.TestSuiteConfigItemsPut-20180719110250" tests="3" time="16.075">
	<testcase classname="tests.RCR_VR_HA_Service_ConfigTool_Config_Items_PUT.TestSuiteConfigItemsPut" name="test_Step001_postRequest_new_id" time="5.899"/>
	<testcase classname="tests.RCR_VR_HA_Service_ConfigTool_Config_Items_PUT.TestSuiteConfigItemsPut" name="test_Step009_putRequest_adding_net_revenue" time="5.516"/>
	<testcase classname="tests.RCR_VR_HA_Service_ConfigTool_Config_Items_PUT.TestSuiteConfigItemsPut" name="test_Step012_putRequest_remove_extra_rows" time="4.660"/>
	<system-out>
<![CDATA[java -jar tests\auth-header-1.3.jar -k c0c11d7a-48c1-461d-8be9-56e9fb60b28f -s Jjftdr7d_z7kjM1_GTXKskfQZs9aCD1l -p https://api.devcernercare.com/oauth/access > oAuthKey.txt
SELECT * FROM RCANALYTICS_CONFIG_SERVICE.CONFIG_ITEMS WHERE CLIENT_ID = 'test_blr';
['test_blr', 'test', 'test']
java -jar tests\auth-header-1.3.jar -k c0c11d7a-48c1-461d-8be9-56e9fb60b28f -s Jjftdr7d_z7kjM1_GTXKskfQZs9aCD1l -p https://api.devcernercare.com/oauth/access > oAuthKey.txt
after first test
950
SELECT * FROM RCANALYTICS_CONFIG_SERVICE.CONFIG_ITEMS WHERE CLIENT_ID = 'test_blr';
['test_blr', '"net_revenue"', '{"NetRevenue":"["{"id": 1, "client_id": "test", "org_id": "Org1", "month": 1, "year": 2014, "net_revenue": 1002}"]"}']
['test_blr', '"net_revenue"', '{"NetRevenue":"["{"id": 1, "client_id": "test", "org_id": "Org1", "month": 1, "year": 2014, "net_revenue": 1002}"]"}']
java -jar tests\auth-header-1.3.jar -k c0c11d7a-48c1-461d-8be9-56e9fb60b28f -s Jjftdr7d_z7kjM1_GTXKskfQZs9aCD1l -p https://api.devcernercare.com/oauth/access > oAuthKey.txt
]]>	</system-out>
	<system-err>
<![CDATA[]]>	</system-err>
</testsuite>
