<?xml version="1.0" ?>
<testsuite errors="0" failures="0" name="Tests.RCR_VR_HA_Service_ConfigTool_Config_Items_PUT.TestSuiteConfigItemsPut-20180712175011" tests="1" time="5.389">
	<testcase classname="Tests.RCR_VR_HA_Service_ConfigTool_Config_Items_PUT.TestSuiteConfigItemsPut" name="test_Step011_putRequest_adding_allkeys_with_value" time="5.389"/>
	<system-out>
<![CDATA[java -jar Tests\auth-header-1.3.jar -k 99bb308b-0a2b-4547-a967-b6287914469d -s cHowMqwBMh2N4ShhBDrbcRZNLzo76VrA -p https://api.devcernercare.com/oauth/access > oAuthKey.txt
[('total_cash', '{"target":{"unit":"$","number_format":"currency","decimal_precision":2}}'), ('net_revenue', '{}'), ('pos_days', '{"Days":10,"Range":"2","target":{"unit":"%","number_format":"percentage","decimal_precision":2,"errors":null}}'), ('pos_cash_collections', '{"Days":10,"target":{"unit":"%","number_format":"percentage","decimal_precision":2,"errors":null}}'), ('total_ar', '{"target":{"unit":"$","number_format":"currency","decimal_precision":2,"errors":null}}'), ('days_in_ar', '{"Range":"2","target":{"unit":"Days"}}'), ('accounts_receivable_over_ninety_days', '{"target":{"unit":"$","number_format":"currency","decimal_precision":2}}'), ('dnfb', '{"target":{"unit":"$","number_format":"currency","decimal_precision":2}}'), ('days_in_dnfc', '{"target":{"unit":"Days"},"Range":"2"}'), ('days_in_dnfb', '{"target":{"unit":"Days"},"Range":"2"}'), ('gross_accounts_receivable', '{"target":{"unit":"$","number_format":"currency","decimal_precision":2}}'), ('days_in_gross_accounts_receivable', '{"target":{"unit":"Days"}}'), ('credit_balance', '{"target":{"unit":"$","number_format":"currency","decimal_precision":2}}'), ('gross_days_in_credit_balance', '{"target":{"unit":"Days"}}'), ('total_adjustments', '{"target":{"unit":"$","number_format":"currency","decimal_precision":2}}'), ('adjustments_percentage', '{"target":{"unit":"%","number_format":"percentage","decimal_precision":2}}'), ('bad_debt', '{"target":{"unit":"$","number_format":"currency","decimal_precision":2}}'), ('bad_debt_percentage', '{"target":{"unit":"%","number_format":"percentage","decimal_precision":2}}'), ('charity_care', '{"target":{"unit":"$","number_format":"currency","decimal_precision":2}}'), ('charity_care_percentage', '{"target":{"unit":"%","number_format":"percentage","decimal_precision":2}}'), ('cash_as_percent', '{"Range":"2","AllowLag":true,"target":{"unit":"%","number_format":"percentage","decimal_precision":2}}'), ('average_daily_census', '{"target":{"number_format":"number"}}'), ('patient_days', '{"target":{"unit":"Days","number_format":"number"}}'), ('admissions', '{"target":{"number_format":"number"}}'), ('discharges', '{"target":{"number_format":"number"}}'), ('observation_visits', '{"target":{"number_format":"number"}}'), ('outpatient_visits', '{"target":{"number_format":"number"}}'), ('emergency_room_visits', '{"target":{"number_format":"number"}}'), ('percentage_of_er_visits_admitted', '{"target":{"unit":"%","number_format":"percentage","decimal_precision":2}}'), ('newborn_deliveries', '{"target":{"number_format":"number"}}'), ('total_gross_revenue', '{"target":{"unit":"$","number_format":"currency","decimal_precision":2}}'), ('average_daily_revenue', '{"Days":90,"target":{"unit":"$","number_format":"currency","decimal_precision":2}}'), ('total_charge_lag_days', '{"target":{"unit":"Days","number_format":"number"}}'), ('alos', '{"target":{"unit":"Days"}}'), ('days_in_total_discharged_not_submitted_to_payer', '{"target":{"unit":"Days"},"Range":3}'), ('net_days_in_credit_balance', '{"target":{"unit":"Days"}}'), ('total_cash_collections_as_percent_gross_revenue', '{"target":{"unit":"%","number_format":"percentage","decimal_precision":2}}'), ('pos_cash_collections_as_percent_gross_revenue', '{"Days":10,"target":{"unit":"%","number_format":"percentage","decimal_precision":2}}'), ('late_charges_as_percentage', '{"target":{"unit":"%","number_format":"percentage","decimal_precision":2}}'), ('gross_accounts_receivable_over_ninety_days', '{"target":{"unit":"$","number_format":"currency","decimal_precision":2}}'), ('charity_care_as_a_percentage_of_uncompensated_care', '{"target":{"unit":"%","number_format":"percentage","decimal_precision":2}}'), ('clean_claim_rate', '{"target":{"unit":"%","number_format":"percentage","decimal_precision":2}}'), ('edi_claims_percent_of_total', '{"target":{"unit":"%","number_format":"percentage","decimal_precision":2}}'), ('denial_rate_zero_pay', '{"target":{"unit":"%","number_format":"percentage","decimal_precision":2}}'), ('denial_rate_partial_pay', '{"target":{"unit":"%","number_format":"percentage","decimal_precision":2}}'), ('total_denied_amount', '{"target":{"unit":"$","number_format":"currency","decimal_precision":2}}'), ('late_charges', '{"target":{"unit":"$","number_format":"currency","decimal_precision":2}}'), ('census_lookback_period', '{"target":{"unit":"Days","number_format":"number"}}'), ('total_pos_cash_collections', '{"Days":10,"target":{"unit":"$","number_format":"currency","decimal_precision":2}}'), ('case_mix_index', '{"target":{"allow_default":false,"decimal_precision":4}}'), ('denial_rate', '{"target":{"unit":"%","number_format":"percentage","decimal_precision":2}}')]
]]>	</system-out>
	<system-err>
<![CDATA[]]>	</system-err>
</testsuite>
