<?xml version="1.0" ?>
<testsuite errors="0" failures="0" name="tests.RCRVRHAServiceConfigToolOrganizationMapsGET.TestOrganizationMaps-20180716194204" tests="8" time="52.266">
	<testcase classname="tests.RCRVRHAServiceConfigToolOrganizationMapsGET.TestOrganizationMaps" name="test_step_1_getRequest" time="6.235"/>
	<testcase classname="tests.RCRVRHAServiceConfigToolOrganizationMapsGET.TestOrganizationMaps" name="test_step_2_unauthorized" time="5.816"/>
	<testcase classname="tests.RCRVRHAServiceConfigToolOrganizationMapsGET.TestOrganizationMaps" name="test_step_3_NotFound" time="5.800"/>
	<testcase classname="tests.RCRVRHAServiceConfigToolOrganizationMapsGET.TestOrganizationMaps" name="test_step_4_badRequest" time="5.729"/>
	<testcase classname="tests.RCRVRHAServiceConfigToolOrganizationMapsGET.TestOrganizationMaps" name="test_step_5_NotFound_client_Id" time="6.551"/>
	<testcase classname="tests.RCRVRHAServiceConfigToolOrganizationMapsGET.TestOrganizationMaps" name="test_step_6_NotFound_Millennium_Id" time="6.867"/>
	<testcase classname="tests.RCRVRHAServiceConfigToolOrganizationMapsGET.TestOrganizationMaps" name="test_step_7_NotFound_healthe_intent_org_id" time="5.940"/>
	<testcase classname="tests.RCRVRHAServiceConfigToolOrganizationMapsGET.TestOrganizationMaps" name="test_step_8_NotFound_healthe_intent_org" time="9.327"/>
	<system-out>
<![CDATA[java -jar tests\auth-header-1.3.jar -k c0c11d7a-48c1-461d-8be9-56e9fb60b28f -s Jjftdr7d_z7kjM1_GTXKskfQZs9aCD1l -p https://api.devcernercare.com/oauth/access > oAuthKey.txt
java -jar tests\auth-header-1.3.jar -k c0c11d7a-48c1-461d-8be9-56e9fb60b28f -s Jjftdr7d_z7kjM1_GTXKskfQZs9aCD1l -p https://api.devcernercare.com/oauth/access > oAuthKey.txt
java -jar tests\auth-header-1.3.jar -k c0c11d7a-48c1-461d-8be9-56e9fb60b28f -s Jjftdr7d_z7kjM1_GTXKskfQZs9aCD1l -p https://api.devcernercare.com/oauth/access > oAuthKey.txt
java -jar tests\auth-header-1.3.jar -k c0c11d7a-48c1-461d-8be9-56e9fb60b28f -s Jjftdr7d_z7kjM1_GTXKskfQZs9aCD1l -p https://api.devcernercare.com/oauth/access > oAuthKey.txt
java -jar tests\auth-header-1.3.jar -k c0c11d7a-48c1-461d-8be9-56e9fb60b28f -s Jjftdr7d_z7kjM1_GTXKskfQZs9aCD1l -p https://api.devcernercare.com/oauth/access > oAuthKey.txt
java -jar tests\auth-header-1.3.jar -k c0c11d7a-48c1-461d-8be9-56e9fb60b28f -s Jjftdr7d_z7kjM1_GTXKskfQZs9aCD1l -p https://api.devcernercare.com/oauth/access > oAuthKey.txt
java -jar tests\auth-header-1.3.jar -k c0c11d7a-48c1-461d-8be9-56e9fb60b28f -s Jjftdr7d_z7kjM1_GTXKskfQZs9aCD1l -p https://api.devcernercare.com/oauth/access > oAuthKey.txt
java -jar tests\auth-header-1.3.jar -k c0c11d7a-48c1-461d-8be9-56e9fb60b28f -s Jjftdr7d_z7kjM1_GTXKskfQZs9aCD1l -p https://api.devcernercare.com/oauth/access > oAuthKey.txt
]]>	</system-out>
	<system-err>
<![CDATA[]]>	</system-err>
</testsuite>
