<?xml version="1.0" ?>
<testsuite errors="0" failures="0" name="Tests.RCR_VR_HA_Service_ConfigTool_Organization_Map_PUT.TestOrganizationMapsDev-20180712130802" tests="4" time="25.476">
	<testcase classname="Tests.RCR_VR_HA_Service_ConfigTool_Organization_Map_PUT.TestOrganizationMapsDev" name="test_Step1_putRequest_newID_validParams" time="6.139"/>
	<testcase classname="Tests.RCR_VR_HA_Service_ConfigTool_Organization_Map_PUT.TestOrganizationMapsDev" name="test_Step2_putRequest_newID_invalidParams_error" time="5.955"/>
	<testcase classname="Tests.RCR_VR_HA_Service_ConfigTool_Organization_Map_PUT.TestOrganizationMapsDev" name="test_Step3_putRequest_IDExists_validParams" time="6.514"/>
	<testcase classname="Tests.RCR_VR_HA_Service_ConfigTool_Organization_Map_PUT.TestOrganizationMapsDev" name="test_Step4_putRequest_IDExists_invalidParams_error" time="6.868"/>
	<system-out>
<![CDATA[]]>	</system-out>
	<system-err>
<![CDATA[]]>	</system-err>
</testsuite>
