<?xml version="1.0" ?>
<testsuite errors="2" failures="0" name="Tests.RCR_VR_HA_Service_ConfigTool_Config_Items_PUT.TestSuiteConfigItemsPut-20180712163954" tests="4" time="20.263">
	<testcase classname="Tests.RCR_VR_HA_Service_ConfigTool_Config_Items_PUT.TestSuiteConfigItemsPut" name="test_Step001_postRequest_new_id" time="5.700"/>
	<testcase classname="Tests.RCR_VR_HA_Service_ConfigTool_Config_Items_PUT.TestSuiteConfigItemsPut" name="test_Step002_putRequest_invalid_config_id" time="5.158"/>
	<testcase classname="Tests.RCR_VR_HA_Service_ConfigTool_Config_Items_PUT.TestSuiteConfigItemsPut" name="test_Step003_putRequest_empty_key_value" time="4.895">
		<error message="must be str, not int" type="TypeError">
<![CDATA[Traceback (most recent call last):
  File "C:\Users\SC057441\Desktop\Any\pythonscripts\tokka\yamlgenerator\Requests\Final_Suite\Tests\RCR_VR_HA_Service_ConfigTool_Config_Items_PUT.py", line 63, in test_Step003_putRequest_empty_key_value
    completeURL = str(self.GET_URL) + "/" + self.id_table[0]
TypeError: must be str, not int
]]>		</error>
	</testcase>
	<testcase classname="Tests.RCR_VR_HA_Service_ConfigTool_Config_Items_PUT.TestSuiteConfigItemsPut" name="test_Step004_putRequest_empty_clientid" time="4.509">
		<error message="'TestSuiteConfigItemsPut' object has no attribute 'id_table'" type="AttributeError">
<![CDATA[Traceback (most recent call last):
  File "C:\Users\SC057441\Desktop\Any\pythonscripts\tokka\yamlgenerator\Requests\Final_Suite\Tests\RCR_VR_HA_Service_ConfigTool_Config_Items_PUT.py", line 47, in test_Step004_putRequest_empty_clientid
    if isinstance(self.id_table,list):
AttributeError: 'TestSuiteConfigItemsPut' object has no attribute 'id_table'
]]>		</error>
	</testcase>
	<system-out>
<![CDATA[java -jar Tests\auth-header-1.3.jar -k 99bb308b-0a2b-4547-a967-b6287914469d -s cHowMqwBMh2N4ShhBDrbcRZNLzo76VrA -p https://api.devcernercare.com/oauth/access > oAuthKey.txt
java -jar Tests\auth-header-1.3.jar -k 99bb308b-0a2b-4547-a967-b6287914469d -s cHowMqwBMh2N4ShhBDrbcRZNLzo76VrA -p https://api.devcernercare.com/oauth/access > oAuthKey.txt
java -jar Tests\auth-header-1.3.jar -k 99bb308b-0a2b-4547-a967-b6287914469d -s cHowMqwBMh2N4ShhBDrbcRZNLzo76VrA -p https://api.devcernercare.com/oauth/access > oAuthKey.txt
java -jar Tests\auth-header-1.3.jar -k 99bb308b-0a2b-4547-a967-b6287914469d -s cHowMqwBMh2N4ShhBDrbcRZNLzo76VrA -p https://api.devcernercare.com/oauth/access > oAuthKey.txt
]]>	</system-out>
	<system-err>
<![CDATA[]]>	</system-err>
</testsuite>
