<?xml version="1.0" ?>
<testsuite errors="2" failures="0" name="Tests.RCR_VR_HA_Service_ConfigTool_Config_Items_PUT.TestSuiteConfigItemsPut-20180712153349" tests="4" time="20.640">
	<testcase classname="Tests.RCR_VR_HA_Service_ConfigTool_Config_Items_PUT.TestSuiteConfigItemsPut" name="test_Step003_putRequest_invalid_config_id" time="5.008"/>
	<testcase classname="Tests.RCR_VR_HA_Service_ConfigTool_Config_Items_PUT.TestSuiteConfigItemsPut" name="test_Step004_postRequest_new_id" time="5.554"/>
	<testcase classname="Tests.RCR_VR_HA_Service_ConfigTool_Config_Items_PUT.TestSuiteConfigItemsPut" name="test_Step001_putRequest_empty_clientid" time="4.952">
		<error message="'404' != '409'
- 404
?   ^
+ 409
?   ^
" type="AssertionError">
<![CDATA[Traceback (most recent call last):
  File "C:\Users\SC057441\Desktop\Any\pythonscripts\tokka\yamlgenerator\Requests\Final_Suite\Tests\RCR_VR_HA_Service_ConfigTool_Config_Items_PUT.py", line 50, in test_Step001_putRequest_empty_clientid
    self.assertEqual(str(self.response), '409')
AssertionError: '404' != '409'
- 404
?   ^
+ 409
?   ^

]]>		</error>
	</testcase>
	<testcase classname="Tests.RCR_VR_HA_Service_ConfigTool_Config_Items_PUT.TestSuiteConfigItemsPut" name="test_Step002_putRequest_empty_key_value" time="5.126">
		<error message="'404' != '409'
- 404
?   ^
+ 409
?   ^
" type="AssertionError">
<![CDATA[Traceback (most recent call last):
  File "C:\Users\SC057441\Desktop\Any\pythonscripts\tokka\yamlgenerator\Requests\Final_Suite\Tests\RCR_VR_HA_Service_ConfigTool_Config_Items_PUT.py", line 58, in test_Step002_putRequest_empty_key_value
    self.assertEqual(str(self.response), '409')
AssertionError: '404' != '409'
- 404
?   ^
+ 409
?   ^

]]>		</error>
	</testcase>
	<system-out>
<![CDATA[java -jar Tests\auth-header-1.3.jar -k 99bb308b-0a2b-4547-a967-b6287914469d -s cHowMqwBMh2N4ShhBDrbcRZNLzo76VrA -p https://api.devcernercare.com/oauth/access > oAuthKey.txt
java -jar Tests\auth-header-1.3.jar -k 99bb308b-0a2b-4547-a967-b6287914469d -s cHowMqwBMh2N4ShhBDrbcRZNLzo76VrA -p https://api.devcernercare.com/oauth/access > oAuthKey.txt
java -jar Tests\auth-header-1.3.jar -k 99bb308b-0a2b-4547-a967-b6287914469d -s cHowMqwBMh2N4ShhBDrbcRZNLzo76VrA -p https://api.devcernercare.com/oauth/access > oAuthKey.txt
java -jar Tests\auth-header-1.3.jar -k 99bb308b-0a2b-4547-a967-b6287914469d -s cHowMqwBMh2N4ShhBDrbcRZNLzo76VrA -p https://api.devcernercare.com/oauth/access > oAuthKey.txt
]]>	</system-out>
	<system-err>
<![CDATA[]]>	</system-err>
</testsuite>
