<?xml version="1.0" ?>
<testsuite errors="1" failures="0" name="Tests.RCR_VR_HA_Service_ConfigTool_Config_Items_PUT.TestSuiteConfigItemsPut-20180716134333" tests="11" time="60.524">
	<testcase classname="Tests.RCR_VR_HA_Service_ConfigTool_Config_Items_PUT.TestSuiteConfigItemsPut" name="test_Step001_postRequest_new_id" time="5.318"/>
	<testcase classname="Tests.RCR_VR_HA_Service_ConfigTool_Config_Items_PUT.TestSuiteConfigItemsPut" name="test_Step002_putRequest_invalid_config_id" time="5.162"/>
	<testcase classname="Tests.RCR_VR_HA_Service_ConfigTool_Config_Items_PUT.TestSuiteConfigItemsPut" name="test_Step003_putRequest_empty_key_value" time="5.328"/>
	<testcase classname="Tests.RCR_VR_HA_Service_ConfigTool_Config_Items_PUT.TestSuiteConfigItemsPut" name="test_Step004_putRequest_empty_clientid" time="5.257"/>
	<testcase classname="Tests.RCR_VR_HA_Service_ConfigTool_Config_Items_PUT.TestSuiteConfigItemsPut" name="test_Step006_putRequest_adding_POS_days" time="5.726"/>
	<testcase classname="Tests.RCR_VR_HA_Service_ConfigTool_Config_Items_PUT.TestSuiteConfigItemsPut" name="test_Step007_putRequest_adding_days_in_dnfb" time="5.591"/>
	<testcase classname="Tests.RCR_VR_HA_Service_ConfigTool_Config_Items_PUT.TestSuiteConfigItemsPut" name="test_Step008_putRequest_adding_days_in_dnfc" time="5.903"/>
	<testcase classname="Tests.RCR_VR_HA_Service_ConfigTool_Config_Items_PUT.TestSuiteConfigItemsPut" name="test_Step009_putRequest_adding_net_revenue" time="5.550"/>
	<testcase classname="Tests.RCR_VR_HA_Service_ConfigTool_Config_Items_PUT.TestSuiteConfigItemsPut" name="test_Step010_putRequest_existing_id" time="5.537"/>
	<testcase classname="Tests.RCR_VR_HA_Service_ConfigTool_Config_Items_PUT.TestSuiteConfigItemsPut" name="test_Step012_putRequest_remove_extra_rows" time="5.050"/>
	<testcase classname="Tests.RCR_VR_HA_Service_ConfigTool_Config_Items_PUT.TestSuiteConfigItemsPut" name="test_Step005_putRequest_adding_POS_cash_collections" time="6.102">
		<error message="Lists differ: ['test_blr', 'test', 'test'] != ['test_blr', 'pos_cash_collection', '{&quot;Days&quot;: 12}']

First differing element 1:
'test'
'pos_cash_collection'

- ['test_blr', 'test', 'test']
+ ['test_blr', 'pos_cash_collection', '{&quot;Days&quot;: 12}']" type="AssertionError">
<![CDATA[Traceback (most recent call last):
  File "C:\Users\SC057441\Desktop\Any\pythonscripts\tokka\yamlgenerator\Requests\Final_Suite\Tests\RCR_VR_HA_Service_ConfigTool_Config_Items_PUT.py", line 110, in test_Step005_putRequest_adding_POS_cash_collections
    self.assertEqual(self.compare_against_DB(params["client_id"],99), list(params.values()))
AssertionError: Lists differ: ['test_blr', 'test', 'test'] != ['test_blr', 'pos_cash_collection', '{"Days": 12}']

First differing element 1:
'test'
'pos_cash_collection'

- ['test_blr', 'test', 'test']
+ ['test_blr', 'pos_cash_collection', '{"Days": 12}']
]]>		</error>
	</testcase>
	<system-out>
<![CDATA[java -jar Tests\auth-header-1.3.jar -k 99bb308b-0a2b-4547-a967-b6287914469d -s cHowMqwBMh2N4ShhBDrbcRZNLzo76VrA -p https://api.devcernercare.com/oauth/access > oAuthKey.txt
java -jar Tests\auth-header-1.3.jar -k 99bb308b-0a2b-4547-a967-b6287914469d -s cHowMqwBMh2N4ShhBDrbcRZNLzo76VrA -p https://api.devcernercare.com/oauth/access > oAuthKey.txt
java -jar Tests\auth-header-1.3.jar -k 99bb308b-0a2b-4547-a967-b6287914469d -s cHowMqwBMh2N4ShhBDrbcRZNLzo76VrA -p https://api.devcernercare.com/oauth/access > oAuthKey.txt
java -jar Tests\auth-header-1.3.jar -k 99bb308b-0a2b-4547-a967-b6287914469d -s cHowMqwBMh2N4ShhBDrbcRZNLzo76VrA -p https://api.devcernercare.com/oauth/access > oAuthKey.txt
java -jar Tests\auth-header-1.3.jar -k 99bb308b-0a2b-4547-a967-b6287914469d -s cHowMqwBMh2N4ShhBDrbcRZNLzo76VrA -p https://api.devcernercare.com/oauth/access > oAuthKey.txt
java -jar Tests\auth-header-1.3.jar -k 99bb308b-0a2b-4547-a967-b6287914469d -s cHowMqwBMh2N4ShhBDrbcRZNLzo76VrA -p https://api.devcernercare.com/oauth/access > oAuthKey.txt
java -jar Tests\auth-header-1.3.jar -k 99bb308b-0a2b-4547-a967-b6287914469d -s cHowMqwBMh2N4ShhBDrbcRZNLzo76VrA -p https://api.devcernercare.com/oauth/access > oAuthKey.txt
java -jar Tests\auth-header-1.3.jar -k 99bb308b-0a2b-4547-a967-b6287914469d -s cHowMqwBMh2N4ShhBDrbcRZNLzo76VrA -p https://api.devcernercare.com/oauth/access > oAuthKey.txt
java -jar Tests\auth-header-1.3.jar -k 99bb308b-0a2b-4547-a967-b6287914469d -s cHowMqwBMh2N4ShhBDrbcRZNLzo76VrA -p https://api.devcernercare.com/oauth/access > oAuthKey.txt
java -jar Tests\auth-header-1.3.jar -k 99bb308b-0a2b-4547-a967-b6287914469d -s cHowMqwBMh2N4ShhBDrbcRZNLzo76VrA -p https://api.devcernercare.com/oauth/access > oAuthKey.txt
java -jar Tests\auth-header-1.3.jar -k 99bb308b-0a2b-4547-a967-b6287914469d -s cHowMqwBMh2N4ShhBDrbcRZNLzo76VrA -p https://api.devcernercare.com/oauth/access > oAuthKey.txt
]]>	</system-out>
	<system-err>
<![CDATA[]]>	</system-err>
</testsuite>
