<?xml version="1.0" ?>
<testsuite errors="1" failures="0" name="tests.RCR_VR_HA_Service_ConfigTool_Config_Items_PUT.TestSuiteConfigItemsPut-20180719105700" tests="3" time="16.963">
	<testcase classname="tests.RCR_VR_HA_Service_ConfigTool_Config_Items_PUT.TestSuiteConfigItemsPut" name="test_Step009_putRequest_adding_net_revenue" time="6.043"/>
	<testcase classname="tests.RCR_VR_HA_Service_ConfigTool_Config_Items_PUT.TestSuiteConfigItemsPut" name="test_Step012_putRequest_remove_extra_rows" time="5.358"/>
	<testcase classname="tests.RCR_VR_HA_Service_ConfigTool_Config_Items_PUT.TestSuiteConfigItemsPut" name="test_Step001_postRequest_new_id" time="5.561">
		<error message="'TestSuiteConfigItemsPut' object has no attribute 'res_list'" type="AttributeError">
<![CDATA[Traceback (most recent call last):
  File "C:\Users\SC057441\Desktop\Any\pythonscripts\tokka\yamlgenerator\Requests\Final_Suite\tests\RCR_VR_HA_Service_ConfigTool_Config_Items_PUT.py", line 86, in test_Step001_postRequest_new_id
    self.assertEqual(list(self.compare_against_DB(params["client_id"],99)), list(params.values()))
  File "C:\Users\SC057441\Desktop\Any\pythonscripts\tokka\yamlgenerator\Requests\Final_Suite\tests\RCR_VR_HA_Service_ConfigTool_Config_Items_PUT.py", line 24, in compare_against_DB
    sel_query = "SELECT * FROM RCANALYTICS_CONFIG_SERVICE.CONFIG_ITEMS WHERE CLIENT_ID = " + "'" + client_name + "'"+"AND ID = "+ "'" + str(self.res_list) +"';"
AttributeError: 'TestSuiteConfigItemsPut' object has no attribute 'res_list'
]]>		</error>
	</testcase>
	<system-out>
<![CDATA[java -jar tests\auth-header-1.3.jar -k c0c11d7a-48c1-461d-8be9-56e9fb60b28f -s Jjftdr7d_z7kjM1_GTXKskfQZs9aCD1l -p https://api.devcernercare.com/oauth/access > oAuthKey.txt
java -jar tests\auth-header-1.3.jar -k c0c11d7a-48c1-461d-8be9-56e9fb60b28f -s Jjftdr7d_z7kjM1_GTXKskfQZs9aCD1l -p https://api.devcernercare.com/oauth/access > oAuthKey.txt
SELECT * FROM RCANALYTICS_CONFIG_SERVICE.CONFIG_ITEMS WHERE CLIENT_ID = 'test_blr'AND ID = '942';
['test_blr', '"net_revenue"', '{"NetRevenue":"["{"id": 1, "client_id": "test", "org_id": "Org1", "month": 1, "year": 2014, "net_revenue": 1002}"]"}']
['test_blr', '"net_revenue"', '{"NetRevenue":"["{"id": 1, "client_id": "test", "org_id": "Org1", "month": 1, "year": 2014, "net_revenue": 1002}"]"}']
java -jar tests\auth-header-1.3.jar -k c0c11d7a-48c1-461d-8be9-56e9fb60b28f -s Jjftdr7d_z7kjM1_GTXKskfQZs9aCD1l -p https://api.devcernercare.com/oauth/access > oAuthKey.txt
]]>	</system-out>
	<system-err>
<![CDATA[]]>	</system-err>
</testsuite>
