<?xml version="1.0" ?>
<testsuite errors="0" failures="0" name="Tests.RCR_VR_HA_Service_ConfigTool_Targets_PUT.TestTargetsPut-20180716170434" tests="2" time="16.499">
	<testcase classname="Tests.RCR_VR_HA_Service_ConfigTool_Targets_PUT.TestTargetsPut" name="test_Step1_putRequest" time="10.862"/>
	<testcase classname="Tests.RCR_VR_HA_Service_ConfigTool_Targets_PUT.TestTargetsPut" name="test_Step2_putRequest_error" time="5.637"/>
	<system-out>
<![CDATA[java -jar Tests\auth-header-1.3.jar -k 99bb308b-0a2b-4547-a967-b6287914469d -s cHowMqwBMh2N4ShhBDrbcRZNLzo76VrA -p https://api.devcernercare.com/oauth/access > oAuthKey.txt
java -jar Tests\auth-header-1.3.jar -k 99bb308b-0a2b-4547-a967-b6287914469d -s cHowMqwBMh2N4ShhBDrbcRZNLzo76VrA -p https://api.devcernercare.com/oauth/access > oAuthKey.txt
]]>	</system-out>
	<system-err>
<![CDATA[]]>	</system-err>
</testsuite>
