<?xml version="1.0" ?>
<testsuite errors="0" failures="0" name="Tests.RCR_VR_HA_Service_ConfigTool_Targets_PUT.TestTargetsPut-20180709111021" tests="2" time="24.922">
	<testcase classname="Tests.RCR_VR_HA_Service_ConfigTool_Targets_PUT.TestTargetsPut" name="test_Step1_putRequest" time="16.625"/>
	<testcase classname="Tests.RCR_VR_HA_Service_ConfigTool_Targets_PUT.TestTargetsPut" name="test_Step2_putRequest_error" time="8.297"/>
	<system-out>
<![CDATA[]]>	</system-out>
	<system-err>
<![CDATA[]]>	</system-err>
</testsuite>
