<?xml version="1.0" ?>
<testsuite errors="0" failures="0" name="Tests.RCR_VR_HA_Service_ConfigTool_Targets_PUT.TestTargetsPut-20180706140304" tests="2" time="17.115">
	<testcase classname="Tests.RCR_VR_HA_Service_ConfigTool_Targets_PUT.TestTargetsPut" name="test_Step1_putRequest" time="11.490"/>
	<testcase classname="Tests.RCR_VR_HA_Service_ConfigTool_Targets_PUT.TestTargetsPut" name="test_Step2_putRequest_error" time="5.625"/>
	<system-out>
<![CDATA[]]>	</system-out>
	<system-err>
<![CDATA[]]>	</system-err>
</testsuite>
