<?xml version="1.0" ?>
<testsuite errors="1" failures="0" name="tests.RCRVRHAServiceConfigToolAgeCategoriesGET.TestAgeCategories-20180716194116" tests="7" time="47.187">
	<testcase classname="tests.RCRVRHAServiceConfigToolAgeCategoriesGET.TestAgeCategories" name="test_step_2_unauthorized" time="6.026"/>
	<testcase classname="tests.RCRVRHAServiceConfigToolAgeCategoriesGET.TestAgeCategories" name="test_step_3_NotFound" time="5.733"/>
	<testcase classname="tests.RCRVRHAServiceConfigToolAgeCategoriesGET.TestAgeCategories" name="test_step_4_Conflicts" time="6.154"/>
	<testcase classname="tests.RCRVRHAServiceConfigToolAgeCategoriesGET.TestAgeCategories" name="test_step_5_badRequest" time="6.639"/>
	<testcase classname="tests.RCRVRHAServiceConfigToolAgeCategoriesGET.TestAgeCategories" name="test_step_6_noContent" time="7.175"/>
	<testcase classname="tests.RCRVRHAServiceConfigToolAgeCategoriesGET.TestAgeCategories" name="test_step_7_invalidRecord" time="7.780"/>
	<testcase classname="tests.RCRVRHAServiceConfigToolAgeCategoriesGET.TestAgeCategories" name="test_step_1_getRequest" time="7.679">
		<error message="False != True" type="AssertionError">
<![CDATA[Traceback (most recent call last):
  File "C:\Users\SC057441\Desktop\Any\pythonscripts\tokka\yamlgenerator\Requests\Final_Suite\tests\RCRVRHAServiceConfigToolAgeCategoriesGET.py", line 100, in test_step_1_getRequest
    self.assertEqual(set(self.assert_list2).issuperset(set(self.assert_list1)), True)
AssertionError: False != True
]]>		</error>
	</testcase>
	<system-out>
<![CDATA[java -jar tests\auth-header-1.3.jar -k c0c11d7a-48c1-461d-8be9-56e9fb60b28f -s Jjftdr7d_z7kjM1_GTXKskfQZs9aCD1l -p https://api.devcernercare.com/oauth/access > oAuthKey.txt
java -jar tests\auth-header-1.3.jar -k c0c11d7a-48c1-461d-8be9-56e9fb60b28f -s Jjftdr7d_z7kjM1_GTXKskfQZs9aCD1l -p https://api.devcernercare.com/oauth/access > oAuthKey.txt
java -jar tests\auth-header-1.3.jar -k c0c11d7a-48c1-461d-8be9-56e9fb60b28f -s Jjftdr7d_z7kjM1_GTXKskfQZs9aCD1l -p https://api.devcernercare.com/oauth/access > oAuthKey.txt
java -jar tests\auth-header-1.3.jar -k c0c11d7a-48c1-461d-8be9-56e9fb60b28f -s Jjftdr7d_z7kjM1_GTXKskfQZs9aCD1l -p https://api.devcernercare.com/oauth/access > oAuthKey.txt
java -jar tests\auth-header-1.3.jar -k c0c11d7a-48c1-461d-8be9-56e9fb60b28f -s Jjftdr7d_z7kjM1_GTXKskfQZs9aCD1l -p https://api.devcernercare.com/oauth/access > oAuthKey.txt
java -jar tests\auth-header-1.3.jar -k c0c11d7a-48c1-461d-8be9-56e9fb60b28f -s Jjftdr7d_z7kjM1_GTXKskfQZs9aCD1l -p https://api.devcernercare.com/oauth/access > oAuthKey.txt
java -jar tests\auth-header-1.3.jar -k c0c11d7a-48c1-461d-8be9-56e9fb60b28f -s Jjftdr7d_z7kjM1_GTXKskfQZs9aCD1l -p https://api.devcernercare.com/oauth/access > oAuthKey.txt
]]>	</system-out>
	<system-err>
<![CDATA[]]>	</system-err>
</testsuite>
