<?xml version="1.0" ?>
<testsuite errors="0" failures="0" name="Tests.RCR_VR_HA_Service_ConfigTool_Age_Categories_PUT.TestAgeCategoriesPut-20180712133727" tests="2" time="17.933">
	<testcase classname="Tests.RCR_VR_HA_Service_ConfigTool_Age_Categories_PUT.TestAgeCategoriesPut" name="test_Step1_putRequest" time="12.502"/>
	<testcase classname="Tests.RCR_VR_HA_Service_ConfigTool_Age_Categories_PUT.TestAgeCategoriesPut" name="test_Step2_putRequest_error" time="5.431"/>
	<system-out>
<![CDATA[]]>	</system-out>
	<system-err>
<![CDATA[]]>	</system-err>
</testsuite>
